Using pre-set license
Built from '2022.3/release' branch; Version is '2022.3.20f1 (61c2feb0970d) revision 6406910'; Using compiler version '192829333'; Build Type 'Release'
OS: 'Windows 11  (10.0.22631) 64bit Professional' Language: 'en' Physical Memory: 16085 MB
BatchMode: 1, IsHumanControllingUs: 0, StartBugReporterOnCrash: 0, Is64bit: 1, IsPro: 1

COMMAND LINE ARGUMENTS:
C:\Program Files\Unity\Hub\Editor\2022.3.20f1\Editor\Unity.exe
-adb2
-batchMode
-noUpm
-name
AssetImportWorker2
-projectPath
C:/Users/Derin/DGD007-DerinErol
-logFile
Logs/AssetImportWorker2.log
-srvPort
65037
Successfully changed project path to: C:/Users/Derin/DGD007-DerinErol
C:/Users/Derin/DGD007-DerinErol
[UnityMemory] Configuration Parameters - Can be set up in boot.config
    "memorysetup-bucket-allocator-granularity=16"
    "memorysetup-bucket-allocator-bucket-count=8"
    "memorysetup-bucket-allocator-block-size=33554432"
    "memorysetup-bucket-allocator-block-count=8"
    "memorysetup-main-allocator-block-size=16777216"
    "memorysetup-thread-allocator-block-size=16777216"
    "memorysetup-gfx-main-allocator-block-size=16777216"
    "memorysetup-gfx-thread-allocator-block-size=16777216"
    "memorysetup-cache-allocator-block-size=4194304"
    "memorysetup-typetree-allocator-block-size=2097152"
    "memorysetup-profiler-bucket-allocator-granularity=16"
    "memorysetup-profiler-bucket-allocator-bucket-count=8"
    "memorysetup-profiler-bucket-allocator-block-size=33554432"
    "memorysetup-profiler-bucket-allocator-block-count=8"
    "memorysetup-profiler-allocator-block-size=16777216"
    "memorysetup-profiler-editor-allocator-block-size=1048576"
    "memorysetup-temp-allocator-size-main=16777216"
    "memorysetup-job-temp-allocator-block-size=2097152"
    "memorysetup-job-temp-allocator-block-size-background=1048576"
    "memorysetup-job-temp-allocator-reduction-small-platforms=262144"
    "memorysetup-allocator-temp-initial-block-size-main=262144"
    "memorysetup-allocator-temp-initial-block-size-worker=262144"
    "memorysetup-temp-allocator-size-background-worker=32768"
    "memorysetup-temp-allocator-size-job-worker=262144"
    "memorysetup-temp-allocator-size-preload-manager=33554432"
    "memorysetup-temp-allocator-size-nav-mesh-worker=65536"
    "memorysetup-temp-allocator-size-audio-worker=65536"
    "memorysetup-temp-allocator-size-cloud-worker=32768"
    "memorysetup-temp-allocator-size-gi-baking-worker=262144"
    "memorysetup-temp-allocator-size-gfx=262144"
Player connection [16928] Host "[IP] 192.168.1.21 [Port] 0 [Flags] 2 [Guid] 2301776276 [EditorId] 2301776276 [Version] 1048832 [Id] WindowsEditor(7,DESKTOP-DNU5B1K) [Debug] 1 [PackageName] WindowsEditor [ProjectName] Editor" joined multi-casting on [225.0.0.222:54997]...

Player connection [16928] Host "[IP] 192.168.1.21 [Port] 0 [Flags] 2 [Guid] 2301776276 [EditorId] 2301776276 [Version] 1048832 [Id] WindowsEditor(7,DESKTOP-DNU5B1K) [Debug] 1 [PackageName] WindowsEditor [ProjectName] Editor" joined alternative multi-casting on [225.0.0.222:34997]...

[Physics::Module] Initialized MultithreadedJobDispatcher with 15 workers.
Refreshing native plugins compatible for Editor in 6.80 ms, found 3 plugins.
Preloading 0 native plugins for Editor in 0.00 ms.
Initialize engine version: 2022.3.20f1 (61c2feb0970d)
[Subsystems] Discovering subsystems at path C:/Program Files/Unity/Hub/Editor/2022.3.20f1/Editor/Data/Resources/UnitySubsystems
[Subsystems] Discovering subsystems at path C:/Users/Derin/DGD007-DerinErol/Assets
GfxDevice: creating device client; threaded=0; jobified=0
Direct3D:
    Version:  Direct3D 11.0 [level 11.1]
    Renderer: NVIDIA GeForce RTX 4050 Laptop GPU (ID=0x28a1)
    Vendor:   NVIDIA
    VRAM:     5921 MB
    Driver:   31.0.15.5123
Initialize mono
Mono path[0] = 'C:/Program Files/Unity/Hub/Editor/2022.3.20f1/Editor/Data/Managed'
Mono path[1] = 'C:/Program Files/Unity/Hub/Editor/2022.3.20f1/Editor/Data/MonoBleedingEdge/lib/mono/unityjit-win32'
Mono config path = 'C:/Program Files/Unity/Hub/Editor/2022.3.20f1/Editor/Data/MonoBleedingEdge/etc'
Using monoOptions --debugger-agent=transport=dt_socket,embedding=1,server=y,suspend=n,address=127.0.0.1:56500
Begin MonoManager ReloadAssembly
Registering precompiled unity dll's ...
Register platform support module: C:/Program Files/Unity/Hub/Editor/2022.3.20f1/Editor/Data/PlaybackEngines/WebGLSupport/UnityEditor.WebGL.Extensions.dll
Register platform support module: C:/Program Files/Unity/Hub/Editor/2022.3.20f1/Editor/Data/PlaybackEngines/WindowsStandaloneSupport/UnityEditor.WindowsStandalone.Extensions.dll
Registered in 0.004377 seconds.
- Loaded All Assemblies, in  0.265 seconds
Native extension for WindowsStandalone target not found
Native extension for WebGL target not found
Mono: successfully reloaded assembly
- Finished resetting the current domain, in  0.208 seconds
Domain Reload Profiling: 472ms
	BeginReloadAssembly (81ms)
		ExecutionOrderSort (0ms)
		DisableScriptedObjects (0ms)
		BackupInstance (0ms)
		ReleaseScriptingObjects (0ms)
		CreateAndSetChildDomain (1ms)
	RebuildCommonClasses (30ms)
	RebuildNativeTypeToScriptingClass (9ms)
	initialDomainReloadingComplete (40ms)
	LoadAllAssembliesAndSetupDomain (103ms)
		LoadAssemblies (80ms)
		RebuildTransferFunctionScriptingTraits (0ms)
		AnalyzeDomain (102ms)
			TypeCache.Refresh (101ms)
				TypeCache.ScanAssembly (90ms)
			ScanForSourceGeneratedMonoScriptInfo (0ms)
			ResolveRequiredComponents (0ms)
	FinalizeReload (209ms)
		ReleaseScriptCaches (0ms)
		RebuildScriptCaches (0ms)
		SetupLoadedEditorAssemblies (162ms)
			LogAssemblyErrors (0ms)
			InitializePlatformSupportModulesInManaged (7ms)
			SetLoadedEditorAssemblies (5ms)
			RefreshPlugins (0ms)
			BeforeProcessingInitializeOnLoad (2ms)
			ProcessInitializeOnLoadAttributes (110ms)
			ProcessInitializeOnLoadMethodAttributes (39ms)
			AfterProcessingInitializeOnLoad (0ms)
			EditorAssembliesLoaded (0ms)
		ExecutionOrderSort2 (0ms)
		AwakeInstancesAfterBackupRestoration (0ms)
========================================================================
Worker process is ready to serve import requests
Begin MonoManager ReloadAssembly
- Loaded All Assemblies, in  0.488 seconds
Refreshing native plugins compatible for Editor in 2.17 ms, found 3 plugins.
Native extension for WindowsStandalone target not found
Native extension for WebGL target not found
Package Manager log level set to [2]
[Package Manager] Server::EnsureServerProcessIsRunning -- launch failed, reason: Unity was launched with the -noUpm command-line argument
[Package Manager] UpmClient::Send -- Unable to send message (not connected to UPM process).
[Package Manager] Cannot connect to Unity Package Manager local server
Mono: successfully reloaded assembly
- Finished resetting the current domain, in  0.474 seconds
Domain Reload Profiling: 961ms
	BeginReloadAssembly (111ms)
		ExecutionOrderSort (0ms)
		DisableScriptedObjects (4ms)
		BackupInstance (0ms)
		ReleaseScriptingObjects (0ms)
		CreateAndSetChildDomain (18ms)
	RebuildCommonClasses (23ms)
	RebuildNativeTypeToScriptingClass (8ms)
	initialDomainReloadingComplete (30ms)
	LoadAllAssembliesAndSetupDomain (314ms)
		LoadAssemblies (239ms)
		RebuildTransferFunctionScriptingTraits (0ms)
		AnalyzeDomain (141ms)
			TypeCache.Refresh (117ms)
				TypeCache.ScanAssembly (105ms)
			ScanForSourceGeneratedMonoScriptInfo (16ms)
			ResolveRequiredComponents (7ms)
	FinalizeReload (475ms)
		ReleaseScriptCaches (0ms)
		RebuildScriptCaches (0ms)
		SetupLoadedEditorAssemblies (353ms)
			LogAssemblyErrors (0ms)
			InitializePlatformSupportModulesInManaged (5ms)
			SetLoadedEditorAssemblies (4ms)
			RefreshPlugins (0ms)
			BeforeProcessingInitializeOnLoad (53ms)
			ProcessInitializeOnLoadAttributes (240ms)
			ProcessInitializeOnLoadMethodAttributes (48ms)
			AfterProcessingInitializeOnLoad (4ms)
			EditorAssembliesLoaded (0ms)
		ExecutionOrderSort2 (0ms)
		AwakeInstancesAfterBackupRestoration (6ms)
Launched and connected shader compiler UnityShaderCompiler.exe after 0.10 seconds
Refreshing native plugins compatible for Editor in 2.56 ms, found 3 plugins.
Preloading 0 native plugins for Editor in 0.00 ms.
Unloading 4951 Unused Serialized files (Serialized files now loaded: 0)
Unloading 66 unused Assets / (351.0 KB). Loaded Objects now: 5412.
Memory consumption went from 210.5 MB to 210.2 MB.
Total: 3.069200 ms (FindLiveObjects: 0.306800 ms CreateObjectMapping: 0.157100 ms MarkObjects: 2.437000 ms  DeleteObjects: 0.167400 ms)

AssetImportParameters requested are different than current active one (requested -> active):
  custom:container-demuxer-ogg: 62fdf1f143b41e24485cea50d1cbac27 -> 
  custom:video-codec-MediaFoundation-h265: 746d11721c4dcdbdad8f713fa42b33f4 -> 
  custom:video-decoder-ogg-theora: a1e56fd34408186e4bbccfd4996cb3dc -> 
  custom:framework-win-MediaFoundation: 216162199b28c13a410421893ffa2e32 -> 
  custom:CustomObjectIndexerAttribute: 62b5816608c3102f162a1797e29626cf -> 
  custom:container-demuxer-webm: 4f35f7cbe854078d1ac9338744f61a02 -> 
  custom:container-muxer-webm: aa71ff27fc2769a1b78a27578f13a17b -> 
  custom:video-decoder-webm-vp8: 9c59270c3fd7afecdb556c50c9e8de78 -> 
  custom:SearchIndexIgnoredProperties: e643bd26f0fe6173181afceb89e7c659 -> 
  custom:AudioImporter_EditorPlatform: d09bf68614088b80899f8185d706f6e7 -> 
  custom:video-encoder-webm-vp8: eb34c28f22e8b96e1ab97ce403110664 -> 
  custom:audio-decoder-ogg-vorbis: bf7c407c2cedff20999df2af8eb42d56 -> 
  custom:audio-encoder-webm-vorbis: bf7c407c2cedff20999df2af8eb42d56 -> 
========================================================================
Received Import Request.
  Time since last request: 186028.719783 seconds.
  path: Assets/FINAL PROJECT/Materials/ShaderGraph Materials/Barrel.mat
  artifactKey: Guid(02134134da9011e4691d4e98be746665) Importer(815301076,1909f56bfc062723c751e8b465ee728b)
Start importing Assets/FINAL PROJECT/Materials/ShaderGraph Materials/Barrel.mat using Guid(02134134da9011e4691d4e98be746665) Importer(815301076,1909f56bfc062723c751e8b465ee728b)  -> (artifact id: 'ce016f6baf9fff1303249330b6340d10') in 0.272097 seconds
Number of updated asset objects reloaded before import = 0
Number of asset objects unloaded after import = 11
========================================================================
Received Import Request.
  Time since last request: 11.149658 seconds.
  path: Assets/FINAL PROJECT/Materials/ShaderGraph Materials/Banner.mat
  artifactKey: Guid(9cae43778135cc3469b83de46e5234bd) Importer(815301076,1909f56bfc062723c751e8b465ee728b)
Start importing Assets/FINAL PROJECT/Materials/ShaderGraph Materials/Banner.mat using Guid(9cae43778135cc3469b83de46e5234bd) Importer(815301076,1909f56bfc062723c751e8b465ee728b)  -> (artifact id: '5c4d58465bead57bd5893af6feb96a25') in 0.020762 seconds
Number of updated asset objects reloaded before import = 0
Number of asset objects unloaded after import = 3
========================================================================
Received Import Request.
  Time since last request: 0.000027 seconds.
  path: Assets/FINAL PROJECT/Materials/ShaderGraph Materials/New Material Variant Variant Variant Variant Variant.mat
  artifactKey: Guid(b018f0393d3ec7f42a8e96d75a15d81e) Importer(815301076,1909f56bfc062723c751e8b465ee728b)
Start importing Assets/FINAL PROJECT/Materials/ShaderGraph Materials/New Material Variant Variant Variant Variant Variant.mat using Guid(b018f0393d3ec7f42a8e96d75a15d81e) Importer(815301076,1909f56bfc062723c751e8b465ee728b)  -> (artifact id: '3d9eae8a457b4b39747eab93ba2abfee') in 0.024404 seconds
Number of updated asset objects reloaded before import = 0
Number of asset objects unloaded after import = 6
========================================================================
Received Import Request.
  Time since last request: 23.625804 seconds.
  path: Assets/FINAL PROJECT/Materials/ShaderGraph Materials/Barrel.mat
  artifactKey: Guid(02134134da9011e4691d4e98be746665) Importer(815301076,1909f56bfc062723c751e8b465ee728b)
Start importing Assets/FINAL PROJECT/Materials/ShaderGraph Materials/Barrel.mat using Guid(02134134da9011e4691d4e98be746665) Importer(815301076,1909f56bfc062723c751e8b465ee728b)  -> (artifact id: 'b2dc04866f1d29bde4d17a3bb287ef6e') in 0.026761 seconds
Number of updated asset objects reloaded before import = 0
Number of asset objects unloaded after import = 8
========================================================================
Received Import Request.
  Time since last request: 0.000046 seconds.
  path: Assets/FINAL PROJECT/Materials/ShaderGraph Materials/New Material Variant Variant Variant Variant Variant.mat
  artifactKey: Guid(b018f0393d3ec7f42a8e96d75a15d81e) Importer(815301076,1909f56bfc062723c751e8b465ee728b)
Start importing Assets/FINAL PROJECT/Materials/ShaderGraph Materials/New Material Variant Variant Variant Variant Variant.mat using Guid(b018f0393d3ec7f42a8e96d75a15d81e) Importer(815301076,1909f56bfc062723c751e8b465ee728b)  -> (artifact id: '5042da739634ca8ef9d7cf6b11f5b21f') in 0.039527 seconds
Number of updated asset objects reloaded before import = 0
Number of asset objects unloaded after import = 6
========================================================================
Received Import Request.
  Time since last request: 56.601962 seconds.
  path: Assets/FINAL PROJECT/Materials/ShaderGraph Materials/Room.mat
  artifactKey: Guid(64dc5bfdc9c256c4bb3905ccda7c49a1) Importer(815301076,1909f56bfc062723c751e8b465ee728b)
Start importing Assets/FINAL PROJECT/Materials/ShaderGraph Materials/Room.mat using Guid(64dc5bfdc9c256c4bb3905ccda7c49a1) Importer(815301076,1909f56bfc062723c751e8b465ee728b)  -> (artifact id: '6f071a89624adf7afbb4e2a366925804') in 0.031827 seconds
Number of updated asset objects reloaded before import = 0
Number of asset objects unloaded after import = 3
========================================================================
Received Import Request.
  Time since last request: 11.916906 seconds.
  path: Assets/FINAL PROJECT/Materials/ShaderGraph Materials/Character1.mat
  artifactKey: Guid(b018f0393d3ec7f42a8e96d75a15d81e) Importer(815301076,1909f56bfc062723c751e8b465ee728b)
Start importing Assets/FINAL PROJECT/Materials/ShaderGraph Materials/Character1.mat using Guid(b018f0393d3ec7f42a8e96d75a15d81e) Importer(815301076,1909f56bfc062723c751e8b465ee728b)  -> (artifact id: 'cbcf34da9adb5b32f2ec2fde06c93370') in 0.019224 seconds
Number of updated asset objects reloaded before import = 0
Number of asset objects unloaded after import = 3
========================================================================
Received Import Request.
  Time since last request: 9.354975 seconds.
  path: Assets/FINAL PROJECT/Materials/ShaderGraph Materials/Character2.mat
  artifactKey: Guid(2ce813ceb45d08c49b76b0a36dabe34f) Importer(815301076,1909f56bfc062723c751e8b465ee728b)
Start importing Assets/FINAL PROJECT/Materials/ShaderGraph Materials/Character2.mat using Guid(2ce813ceb45d08c49b76b0a36dabe34f) Importer(815301076,1909f56bfc062723c751e8b465ee728b)  -> (artifact id: '10cf9920986eaa545232168c29bacbf9') in 0.031623 seconds
Number of updated asset objects reloaded before import = 0
Number of asset objects unloaded after import = 3
========================================================================
Received Import Request.
  Time since last request: 16.983073 seconds.
  path: Assets/FINAL PROJECT/Materials/ShaderGraph Materials/Banner.mat
  artifactKey: Guid(9cae43778135cc3469b83de46e5234bd) Importer(815301076,1909f56bfc062723c751e8b465ee728b)
Start importing Assets/FINAL PROJECT/Materials/ShaderGraph Materials/Banner.mat using Guid(9cae43778135cc3469b83de46e5234bd) Importer(815301076,1909f56bfc062723c751e8b465ee728b)  -> (artifact id: 'c2e0b200cd6390d2cd81e7c2185eb50e') in 0.022536 seconds
Number of updated asset objects reloaded before import = 0
Number of asset objects unloaded after import = 3
========================================================================
Received Import Request.
  Time since last request: 0.000040 seconds.
  path: Assets/FINAL PROJECT/Materials/ShaderGraph Materials/New Material.mat
  artifactKey: Guid(3aa9d1c1f63e74d4ca79e47b66844d18) Importer(815301076,1909f56bfc062723c751e8b465ee728b)
Start importing Assets/FINAL PROJECT/Materials/ShaderGraph Materials/New Material.mat using Guid(3aa9d1c1f63e74d4ca79e47b66844d18) Importer(815301076,1909f56bfc062723c751e8b465ee728b)  -> (artifact id: '9853750eee33e98c32db177d0bc4dd65') in 0.034557 seconds
Number of updated asset objects reloaded before import = 0
Number of asset objects unloaded after import = 2
========================================================================
Received Import Request.
  Time since last request: 13.218824 seconds.
  path: Assets/FINAL PROJECT/Materials/ShaderGraph Materials/Glass.mat
  artifactKey: Guid(3aa9d1c1f63e74d4ca79e47b66844d18) Importer(815301076,1909f56bfc062723c751e8b465ee728b)
Start importing Assets/FINAL PROJECT/Materials/ShaderGraph Materials/Glass.mat using Guid(3aa9d1c1f63e74d4ca79e47b66844d18) Importer(815301076,1909f56bfc062723c751e8b465ee728b)  -> (artifact id: '1468e47d0f79ebfb3173dc27be979007') in 0.010684 seconds
Number of updated asset objects reloaded before import = 0
Number of asset objects unloaded after import = 2
========================================================================
Received Import Request.
  Time since last request: 11.045975 seconds.
  path: Assets/FINAL PROJECT/Materials/ShaderGraph Materials/New Material.mat
  artifactKey: Guid(72108c782ae38c748b25c0fd1dbfd8f9) Importer(815301076,1909f56bfc062723c751e8b465ee728b)
Start importing Assets/FINAL PROJECT/Materials/ShaderGraph Materials/New Material.mat using Guid(72108c782ae38c748b25c0fd1dbfd8f9) Importer(815301076,1909f56bfc062723c751e8b465ee728b)  -> (artifact id: '92f032111d6f5ac3b01acb9ee69ea48a') in 0.029413 seconds
Number of updated asset objects reloaded before import = 0
Number of asset objects unloaded after import = 2
========================================================================
Received Import Request.
  Time since last request: 6.728424 seconds.
  path: Assets/FINAL PROJECT/Materials/ShaderGraph Materials/Water.mat
  artifactKey: Guid(72108c782ae38c748b25c0fd1dbfd8f9) Importer(815301076,1909f56bfc062723c751e8b465ee728b)
Start importing Assets/FINAL PROJECT/Materials/ShaderGraph Materials/Water.mat using Guid(72108c782ae38c748b25c0fd1dbfd8f9) Importer(815301076,1909f56bfc062723c751e8b465ee728b)  -> (artifact id: '7f913db10688a7d02c0ddb96ebf6366d') in 0.028598 seconds
Number of updated asset objects reloaded before import = 0
Number of asset objects unloaded after import = 3
========================================================================
Received Import Request.
  Time since last request: 127.195759 seconds.
  path: Assets/FINAL PROJECT/Materials/ShaderGraph Materials/Gun.mat
  artifactKey: Guid(251c9c76eba3aae4186f1bfff90f049e) Importer(815301076,1909f56bfc062723c751e8b465ee728b)
Start importing Assets/FINAL PROJECT/Materials/ShaderGraph Materials/Gun.mat using Guid(251c9c76eba3aae4186f1bfff90f049e) Importer(815301076,1909f56bfc062723c751e8b465ee728b)  -> (artifact id: 'c1630e62313918c2f7f3de0fe137541a') in 0.031476 seconds
Number of updated asset objects reloaded before import = 0
Number of asset objects unloaded after import = 3
========================================================================
Received Import Request.
  Time since last request: 54.741508 seconds.
  path: Assets/FINAL PROJECT/Materials/ShaderGraph Materials/Gun.mat
  artifactKey: Guid(251c9c76eba3aae4186f1bfff90f049e) Importer(815301076,1909f56bfc062723c751e8b465ee728b)
Start importing Assets/FINAL PROJECT/Materials/ShaderGraph Materials/Gun.mat using Guid(251c9c76eba3aae4186f1bfff90f049e) Importer(815301076,1909f56bfc062723c751e8b465ee728b)  -> (artifact id: '662473d670f0b95dbf03afec1c1e62ba') in 0.037393 seconds
Number of updated asset objects reloaded before import = 0
Number of asset objects unloaded after import = 3
========================================================================
Received Import Request.
  Time since last request: 6.313324 seconds.
  path: Assets/FINAL PROJECT/Materials/ShaderGraph Materials/New Material.mat
  artifactKey: Guid(768a51027e1ec2e41afcf76ed135e032) Importer(815301076,1909f56bfc062723c751e8b465ee728b)
Start importing Assets/FINAL PROJECT/Materials/ShaderGraph Materials/New Material.mat using Guid(768a51027e1ec2e41afcf76ed135e032) Importer(815301076,1909f56bfc062723c751e8b465ee728b)  -> (artifact id: '384e9eb70371d6371e00750c8b59eb28') in 0.034444 seconds
Number of updated asset objects reloaded before import = 0
Number of asset objects unloaded after import = 2
========================================================================
Received Import Request.
  Time since last request: 7.206651 seconds.
  path: Assets/FINAL PROJECT/Materials/ShaderGraph Materials/Gun.mat
  artifactKey: Guid(251c9c76eba3aae4186f1bfff90f049e) Importer(815301076,1909f56bfc062723c751e8b465ee728b)
Start importing Assets/FINAL PROJECT/Materials/ShaderGraph Materials/Gun.mat using Guid(251c9c76eba3aae4186f1bfff90f049e) Importer(815301076,1909f56bfc062723c751e8b465ee728b)  -> (artifact id: '57591bf43635a9f75e99e0b1322e3a29') in 0.024951 seconds
Number of updated asset objects reloaded before import = 0
Number of asset objects unloaded after import = 2
========================================================================
Received Import Request.
  Time since last request: 42.053320 seconds.
  path: Assets/FINAL PROJECT/Materials/ShaderGraph Materials/New Material 1.mat
  artifactKey: Guid(293498594090a6447a97658c833db7b5) Importer(815301076,1909f56bfc062723c751e8b465ee728b)
Start importing Assets/FINAL PROJECT/Materials/ShaderGraph Materials/New Material 1.mat using Guid(293498594090a6447a97658c833db7b5) Importer(815301076,1909f56bfc062723c751e8b465ee728b)  -> (artifact id: '395128331fe0d90f24c551f5e81a87dd') in 0.027078 seconds
Number of updated asset objects reloaded before import = 0
Number of asset objects unloaded after import = 2
========================================================================
Received Import Request.
  Time since last request: 12.937692 seconds.
  path: Assets/FINAL PROJECT/Materials/ShaderGraph Materials/New Material 1.mat
  artifactKey: Guid(293498594090a6447a97658c833db7b5) Importer(815301076,1909f56bfc062723c751e8b465ee728b)
Start importing Assets/FINAL PROJECT/Materials/ShaderGraph Materials/New Material 1.mat using Guid(293498594090a6447a97658c833db7b5) Importer(815301076,1909f56bfc062723c751e8b465ee728b)  -> (artifact id: '2d0b338c0b35bfab4f975d350315196f') in 0.030929 seconds
Number of updated asset objects reloaded before import = 0
Number of asset objects unloaded after import = 3
========================================================================
Received Import Request.
  Time since last request: 6.665616 seconds.
  path: Assets/FINAL PROJECT/Materials/ShaderGraph Materials/Gun.mat
  artifactKey: Guid(293498594090a6447a97658c833db7b5) Importer(815301076,1909f56bfc062723c751e8b465ee728b)
Start importing Assets/FINAL PROJECT/Materials/ShaderGraph Materials/Gun.mat using Guid(293498594090a6447a97658c833db7b5) Importer(815301076,1909f56bfc062723c751e8b465ee728b)  -> (artifact id: '5c3da3551cdcb469cb94d4abd6072033') in 0.028518 seconds
Number of updated asset objects reloaded before import = 0
Number of asset objects unloaded after import = 3
========================================================================
Received Import Request.
  Time since last request: 7.058010 seconds.
  path: Assets/FINAL PROJECT/Materials/ShaderGraph Materials/New Material 1.mat
  artifactKey: Guid(56da8752ad4fefa438daf4232c38e8cc) Importer(815301076,1909f56bfc062723c751e8b465ee728b)
Start importing Assets/FINAL PROJECT/Materials/ShaderGraph Materials/New Material 1.mat using Guid(56da8752ad4fefa438daf4232c38e8cc) Importer(815301076,1909f56bfc062723c751e8b465ee728b)  -> (artifact id: 'bc05a4b860b4c203942e5422d2220b4d') in 0.023994 seconds
Number of updated asset objects reloaded before import = 0
Number of asset objects unloaded after import = 2
========================================================================
Received Import Request.
  Time since last request: 35.170556 seconds.
  path: Assets/FINAL PROJECT/Materials/ShaderGraph Materials/Table.mat
  artifactKey: Guid(56da8752ad4fefa438daf4232c38e8cc) Importer(815301076,1909f56bfc062723c751e8b465ee728b)
Start importing Assets/FINAL PROJECT/Materials/ShaderGraph Materials/Table.mat using Guid(56da8752ad4fefa438daf4232c38e8cc) Importer(815301076,1909f56bfc062723c751e8b465ee728b)  -> (artifact id: '6a142ac4dc9e753b8abb735ed69c8c50') in 0.032318 seconds
Number of updated asset objects reloaded before import = 0
Number of asset objects unloaded after import = 3
========================================================================
Received Import Request.
  Time since last request: 15.680687 seconds.
  path: Assets/FINAL PROJECT/Materials/ShaderGraph Materials/Banner.mat
  artifactKey: Guid(768a51027e1ec2e41afcf76ed135e032) Importer(815301076,1909f56bfc062723c751e8b465ee728b)
Start importing Assets/FINAL PROJECT/Materials/ShaderGraph Materials/Banner.mat using Guid(768a51027e1ec2e41afcf76ed135e032) Importer(815301076,1909f56bfc062723c751e8b465ee728b)  -> (artifact id: '51c7d111d2a92dceb2a95e635099d4e7') in 0.031570 seconds
Number of updated asset objects reloaded before import = 0
Number of asset objects unloaded after import = 3
